[2015-01-16 13:58:08] Planning.INFO: Matched route "GET_" (parameters: "_controller": "{}", "_route": "GET_") [] []
[2015-01-16 13:58:09] Planning.INFO: > GET / [] []
[2015-01-16 13:58:09] Planning.INFO: < 200 [] []
[2015-01-16 13:58:11] Planning.INFO: Matched route "_wdt" (parameters: "_controller": "web_profiler.controller.profiler:toolbarAction", "token": "66e3cf", "_route": "_wdt") [] []
[2015-01-16 13:58:12] Planning.INFO: > GET /_profiler/wdt/66e3cf [] []
[2015-01-16 13:58:18] Planning.INFO: < 200 [] []
[2015-01-16 13:58:31] Planning.INFO: Matched route "GET_eleves_id" (parameters: "_controller": "Planning\Controller\EleveController::detailAction", "id": "search", "_route": "GET_eleves_id") [] []
[2015-01-16 13:58:31] Planning.INFO: > GET /eleves/search [] []
[2015-01-16 13:58:32] Planning.CRITICAL: Exception: No eleve found for id search (uncaught exception) at C:\xampp\htdocs\Planning\src\Planning\DAO\EleveDAO.php line 34 {"exception":"[object] (Exception(code: 0): No eleve found for id search at C:\\xampp\\htdocs\\Planning\\src\\Planning\\DAO\\EleveDAO.php:34)"} []
[2015-01-16 13:58:32] Planning.INFO: < 500 [] []
[2015-01-16 13:58:34] Planning.INFO: Matched route "_wdt" (parameters: "_controller": "web_profiler.controller.profiler:toolbarAction", "token": "fe30ec", "_route": "_wdt") [] []
[2015-01-16 13:58:34] Planning.INFO: > GET /_profiler/wdt/fe30ec [] []
[2015-01-16 13:58:42] Planning.INFO: < 200 [] []
[2015-01-16 14:04:00] Planning.INFO: Matched route "" (parameters: "_controller": "{}", "_route": "null", "url": "/_profiler/") [] []
[2015-01-16 14:04:00] Planning.INFO: > GET /_profiler [] []
[2015-01-16 14:04:00] Planning.INFO: < 301 /_profiler/ [] []
[2015-01-16 14:04:02] Planning.INFO: Matched route "_profiler_home" (parameters: "_controller": "web_profiler.controller.profiler:homeAction", "_route": "_profiler_home") [] []
[2015-01-16 14:04:02] Planning.INFO: > GET /_profiler/ [] []
[2015-01-16 14:04:02] Planning.INFO: < 302 /_profiler/empty/search/results?limit=10 [] []
[2015-01-16 14:04:03] Planning.INFO: Matched route "_profiler_search_results" (parameters: "_controller": "web_profiler.controller.profiler:searchResultsAction", "token": "empty", "_route": "_profiler_search_results") [] []
[2015-01-16 14:04:04] Planning.INFO: > GET /_profiler/empty/search/results?limit=10 [] []
[2015-01-16 14:04:05] Planning.INFO: Matched route "_wdt" (parameters: "_controller": "web_profiler.controller.profiler:toolbarAction", "token": "empty", "_route": "_wdt") [] []
[2015-01-16 14:04:05] Planning.INFO: Matched route "_profiler_search_bar" (parameters: "_controller": "web_profiler.controller.profiler:searchBarAction", "_route": "_profiler_search_bar") [] []
[2015-01-16 14:04:05] Planning.INFO: < 200 [] []
[2015-01-16 14:04:37] Planning.INFO: Matched route "_profiler" (parameters: "_controller": "web_profiler.controller.profiler:panelAction", "token": "f38dd4", "_route": "_profiler") [] []
[2015-01-16 14:04:37] Planning.INFO: > GET /_profiler/f38dd4 [] []
[2015-01-16 14:04:42] Planning.INFO: Matched route "_profiler" (parameters: "_controller": "web_profiler.controller.profiler:panelAction", "token": "fe30ec", "_route": "_profiler") [] []
[2015-01-16 14:04:43] Planning.INFO: Matched route "_profiler" (parameters: "_controller": "web_profiler.controller.profiler:panelAction", "token": "66e3cf", "_route": "_profiler") [] []
[2015-01-16 14:04:44] Planning.INFO: Matched route "_wdt" (parameters: "_controller": "web_profiler.controller.profiler:toolbarAction", "token": "f38dd4", "_route": "_wdt") [] []
[2015-01-16 14:04:45] Planning.INFO: Matched route "_profiler_search_bar" (parameters: "_controller": "web_profiler.controller.profiler:searchBarAction", "_route": "_profiler_search_bar") [] []
[2015-01-16 14:04:46] Planning.INFO: < 200 [] []
[2015-01-16 14:04:46] Planning.INFO: > GET /_profiler/fe30ec [] []
[2015-01-16 14:04:51] Planning.INFO: Matched route "_wdt" (parameters: "_controller": "web_profiler.controller.profiler:toolbarAction", "token": "fe30ec", "_route": "_wdt") [] []
[2015-01-16 14:04:52] Planning.INFO: Matched route "_profiler_search_bar" (parameters: "_controller": "web_profiler.controller.profiler:searchBarAction", "_route": "_profiler_search_bar") [] []
[2015-01-16 14:04:52] Planning.INFO: < 200 [] []
[2015-01-16 14:04:52] Planning.INFO: > GET /_profiler/66e3cf [] []
[2015-01-16 14:04:59] Planning.INFO: Matched route "_wdt" (parameters: "_controller": "web_profiler.controller.profiler:toolbarAction", "token": "66e3cf", "_route": "_wdt") [] []
[2015-01-16 14:05:00] Planning.INFO: Matched route "_profiler_search_bar" (parameters: "_controller": "web_profiler.controller.profiler:searchBarAction", "_route": "_profiler_search_bar") [] []
[2015-01-16 14:05:00] Planning.INFO: < 200 [] []
[2015-01-16 14:05:26] Planning.INFO: Matched route "GET_eleves_" (parameters: "_controller": "Planning\Controller\EleveController::listAction", "_route": "GET_eleves_") [] []
[2015-01-16 14:05:27] Planning.INFO: > GET /eleves/ [] []
[2015-01-16 14:05:27] Planning.INFO: < 200 [] []
[2015-01-16 14:05:29] Planning.INFO: Matched route "_wdt" (parameters: "_controller": "web_profiler.controller.profiler:toolbarAction", "token": "f612c8", "_route": "_wdt") [] []
[2015-01-16 14:05:29] Planning.INFO: > GET /_profiler/wdt/f612c8 [] []
[2015-01-16 14:05:36] Planning.INFO: Matched route "GET_eleves_id" (parameters: "_controller": "Planning\Controller\EleveController::detailAction", "id": "search", "_route": "GET_eleves_id") [] []
[2015-01-16 14:05:37] Planning.INFO: < 200 [] []
[2015-01-16 14:05:37] Planning.INFO: > GET /eleves/search [] []
[2015-01-16 14:05:37] Planning.CRITICAL: Exception: No eleve found for id search (uncaught exception) at C:\xampp\htdocs\Planning\src\Planning\DAO\EleveDAO.php line 34 {"exception":"[object] (Exception(code: 0): No eleve found for id search at C:\\xampp\\htdocs\\Planning\\src\\Planning\\DAO\\EleveDAO.php:34)"} []
[2015-01-16 14:05:38] Planning.INFO: < 500 [] []
[2015-01-16 14:05:40] Planning.INFO: Matched route "_wdt" (parameters: "_controller": "web_profiler.controller.profiler:toolbarAction", "token": "4ec384", "_route": "_wdt") [] []
[2015-01-16 14:05:40] Planning.INFO: > GET /_profiler/wdt/4ec384 [] []
[2015-01-16 14:05:47] Planning.INFO: < 200 [] []
[2015-01-16 14:05:49] Planning.INFO: Matched route "GET_" (parameters: "_controller": "{}", "_route": "GET_") [] []
[2015-01-16 14:05:49] Planning.INFO: > GET / [] []
[2015-01-16 14:05:50] Planning.INFO: < 200 [] []
[2015-01-16 14:05:53] Planning.INFO: Matched route "_wdt" (parameters: "_controller": "web_profiler.controller.profiler:toolbarAction", "token": "641085", "_route": "_wdt") [] []
[2015-01-16 14:05:53] Planning.INFO: > GET /_profiler/wdt/641085 [] []
[2015-01-16 14:06:00] Planning.INFO: < 200 [] []
[2015-01-16 14:06:12] Planning.ERROR: Symfony\Component\HttpKernel\Exception\NotFoundHttpException: No route found for "GET /dummy" (uncaught exception) at C:\xampp\htdocs\Planning\vendor\symfony\http-kernel\Symfony\Component\HttpKernel\EventListener\RouterListener.php line 145 {"exception":"[object] (Symfony\\Component\\HttpKernel\\Exception\\NotFoundHttpException(code: 0): No route found for \"GET /dummy\" at C:\\xampp\\htdocs\\Planning\\vendor\\symfony\\http-kernel\\Symfony\\Component\\HttpKernel\\EventListener\\RouterListener.php:145, Symfony\\Component\\Routing\\Exception\\ResourceNotFoundException(code: 0):  at C:\\xampp\\htdocs\\Planning\\vendor\\symfony\\routing\\Symfony\\Component\\Routing\\Matcher\\UrlMatcher.php:96)"} []
[2015-01-16 14:06:12] Planning.INFO: < 404 [] []
[2015-01-16 14:06:14] Planning.INFO: Matched route "_wdt" (parameters: "_controller": "web_profiler.controller.profiler:toolbarAction", "token": "aa8931", "_route": "_wdt") [] []
[2015-01-16 14:06:14] Planning.INFO: > GET /_profiler/wdt/aa8931 [] []
[2015-01-16 14:06:23] Planning.INFO: < 200 [] []
[2015-01-16 14:35:54] Planning.ERROR: Symfony\Component\HttpKernel\Exception\NotFoundHttpException: No route found for "GET /_profiler/aa8931" (from "http://planning/dummy") (uncaught exception) at C:\xampp\htdocs\Planning\vendor\symfony\http-kernel\Symfony\Component\HttpKernel\EventListener\RouterListener.php line 145 {"exception":"[object] (Symfony\\Component\\HttpKernel\\Exception\\NotFoundHttpException(code: 0): No route found for \"GET /_profiler/aa8931\" (from \"http://planning/dummy\") at C:\\xampp\\htdocs\\Planning\\vendor\\symfony\\http-kernel\\Symfony\\Component\\HttpKernel\\EventListener\\RouterListener.php:145, Symfony\\Component\\Routing\\Exception\\ResourceNotFoundException(code: 0):  at C:\\xampp\\htdocs\\Planning\\vendor\\symfony\\routing\\Symfony\\Component\\Routing\\Matcher\\UrlMatcher.php:96)"} []
[2015-01-16 14:39:30] Planning.ERROR: Symfony\Component\HttpKernel\Exception\NotFoundHttpException: No route found for "GET /favicon.ico" (uncaught exception) at C:\xampp\htdocs\Planning\vendor\symfony\http-kernel\Symfony\Component\HttpKernel\EventListener\RouterListener.php line 145 {"exception":"[object] (Symfony\\Component\\HttpKernel\\Exception\\NotFoundHttpException(code: 0): No route found for \"GET /favicon.ico\" at C:\\xampp\\htdocs\\Planning\\vendor\\symfony\\http-kernel\\Symfony\\Component\\HttpKernel\\EventListener\\RouterListener.php:145, Symfony\\Component\\Routing\\Exception\\ResourceNotFoundException(code: 0):  at C:\\xampp\\htdocs\\Planning\\vendor\\symfony\\routing\\Symfony\\Component\\Routing\\Matcher\\UrlMatcher.php:96)"} []
[2015-01-16 14:39:33] Planning.ERROR: Symfony\Component\HttpKernel\Exception\NotFoundHttpException: No route found for "GET /favicon.ico" (uncaught exception) at C:\xampp\htdocs\Planning\vendor\symfony\http-kernel\Symfony\Component\HttpKernel\EventListener\RouterListener.php line 145 {"exception":"[object] (Symfony\\Component\\HttpKernel\\Exception\\NotFoundHttpException(code: 0): No route found for \"GET /favicon.ico\" at C:\\xampp\\htdocs\\Planning\\vendor\\symfony\\http-kernel\\Symfony\\Component\\HttpKernel\\EventListener\\RouterListener.php:145, Symfony\\Component\\Routing\\Exception\\ResourceNotFoundException(code: 0):  at C:\\xampp\\htdocs\\Planning\\vendor\\symfony\\routing\\Symfony\\Component\\Routing\\Matcher\\UrlMatcher.php:96)"} []
[2015-01-16 14:41:34] Planning.ERROR: Symfony\Component\HttpKernel\Exception\NotFoundHttpException: No route found for "GET /admin/eleve/delete/1" (from "http://planning/admin") (uncaught exception) at C:\xampp\htdocs\Planning\vendor\symfony\http-kernel\Symfony\Component\HttpKernel\EventListener\RouterListener.php line 145 {"exception":"[object] (Symfony\\Component\\HttpKernel\\Exception\\NotFoundHttpException(code: 0): No route found for \"GET /admin/eleve/delete/1\" (from \"http://planning/admin\") at C:\\xampp\\htdocs\\Planning\\vendor\\symfony\\http-kernel\\Symfony\\Component\\HttpKernel\\EventListener\\RouterListener.php:145, Symfony\\Component\\Routing\\Exception\\ResourceNotFoundException(code: 0):  at C:\\xampp\\htdocs\\Planning\\vendor\\symfony\\routing\\Symfony\\Component\\Routing\\Matcher\\UrlMatcher.php:96)"} []
[2015-01-16 14:41:41] Planning.CRITICAL: Exception: No eleve found for id search (uncaught exception) at C:\xampp\htdocs\Planning\src\Planning\DAO\EleveDAO.php line 34 {"exception":"[object] (Exception(code: 0): No eleve found for id search at C:\\xampp\\htdocs\\Planning\\src\\Planning\\DAO\\EleveDAO.php:34)"} []
[2015-01-16 14:42:56] Planning.ERROR: Symfony\Component\HttpKernel\Exception\NotFoundHttpException: No route found for "GET /favicon.ico" (uncaught exception) at C:\xampp\htdocs\Planning\vendor\symfony\http-kernel\Symfony\Component\HttpKernel\EventListener\RouterListener.php line 145 {"exception":"[object] (Symfony\\Component\\HttpKernel\\Exception\\NotFoundHttpException(code: 0): No route found for \"GET /favicon.ico\" at C:\\xampp\\htdocs\\Planning\\vendor\\symfony\\http-kernel\\Symfony\\Component\\HttpKernel\\EventListener\\RouterListener.php:145, Symfony\\Component\\Routing\\Exception\\ResourceNotFoundException(code: 0):  at C:\\xampp\\htdocs\\Planning\\vendor\\symfony\\routing\\Symfony\\Component\\Routing\\Matcher\\UrlMatcher.php:96)"} []
[2015-01-16 14:43:04] Planning.ERROR: Symfony\Component\HttpKernel\Exception\NotFoundHttpException: No route found for "GET /favicon.ico" (uncaught exception) at C:\xampp\htdocs\Planning\vendor\symfony\http-kernel\Symfony\Component\HttpKernel\EventListener\RouterListener.php line 145 {"exception":"[object] (Symfony\\Component\\HttpKernel\\Exception\\NotFoundHttpException(code: 0): No route found for \"GET /favicon.ico\" at C:\\xampp\\htdocs\\Planning\\vendor\\symfony\\http-kernel\\Symfony\\Component\\HttpKernel\\EventListener\\RouterListener.php:145, Symfony\\Component\\Routing\\Exception\\ResourceNotFoundException(code: 0):  at C:\\xampp\\htdocs\\Planning\\vendor\\symfony\\routing\\Symfony\\Component\\Routing\\Matcher\\UrlMatcher.php:96)"} []
[2015-01-16 14:43:27] Planning.CRITICAL: Exception: No eleve found for id search (uncaught exception) at C:\xampp\htdocs\Planning\src\Planning\DAO\EleveDAO.php line 34 {"exception":"[object] (Exception(code: 0): No eleve found for id search at C:\\xampp\\htdocs\\Planning\\src\\Planning\\DAO\\EleveDAO.php:34)"} []
[2015-01-16 14:44:30] Planning.ERROR: Symfony\Component\HttpKernel\Exception\NotFoundHttpException: No route found for "GET /favicon.ico" (uncaught exception) at C:\xampp\htdocs\Planning\vendor\symfony\http-kernel\Symfony\Component\HttpKernel\EventListener\RouterListener.php line 145 {"exception":"[object] (Symfony\\Component\\HttpKernel\\Exception\\NotFoundHttpException(code: 0): No route found for \"GET /favicon.ico\" at C:\\xampp\\htdocs\\Planning\\vendor\\symfony\\http-kernel\\Symfony\\Component\\HttpKernel\\EventListener\\RouterListener.php:145, Symfony\\Component\\Routing\\Exception\\ResourceNotFoundException(code: 0):  at C:\\xampp\\htdocs\\Planning\\vendor\\symfony\\routing\\Symfony\\Component\\Routing\\Matcher\\UrlMatcher.php:96)"} []
[2015-01-16 14:45:58] Planning.ERROR: Symfony\Component\HttpKernel\Exception\NotFoundHttpException: No route found for "GET /favicon.ico" (uncaught exception) at C:\xampp\htdocs\Planning\vendor\symfony\http-kernel\Symfony\Component\HttpKernel\EventListener\RouterListener.php line 145 {"exception":"[object] (Symfony\\Component\\HttpKernel\\Exception\\NotFoundHttpException(code: 0): No route found for \"GET /favicon.ico\" at C:\\xampp\\htdocs\\Planning\\vendor\\symfony\\http-kernel\\Symfony\\Component\\HttpKernel\\EventListener\\RouterListener.php:145, Symfony\\Component\\Routing\\Exception\\ResourceNotFoundException(code: 0):  at C:\\xampp\\htdocs\\Planning\\vendor\\symfony\\routing\\Symfony\\Component\\Routing\\Matcher\\UrlMatcher.php:96)"} []
[2015-01-16 14:46:00] Planning.ERROR: Symfony\Component\HttpKernel\Exception\NotFoundHttpException: No route found for "GET /favicon.ico" (uncaught exception) at C:\xampp\htdocs\Planning\vendor\symfony\http-kernel\Symfony\Component\HttpKernel\EventListener\RouterListener.php line 145 {"exception":"[object] (Symfony\\Component\\HttpKernel\\Exception\\NotFoundHttpException(code: 0): No route found for \"GET /favicon.ico\" at C:\\xampp\\htdocs\\Planning\\vendor\\symfony\\http-kernel\\Symfony\\Component\\HttpKernel\\EventListener\\RouterListener.php:145, Symfony\\Component\\Routing\\Exception\\ResourceNotFoundException(code: 0):  at C:\\xampp\\htdocs\\Planning\\vendor\\symfony\\routing\\Symfony\\Component\\Routing\\Matcher\\UrlMatcher.php:96)"} []
[2015-01-16 14:46:07] Planning.CRITICAL: Exception: No eleve found for id search (uncaught exception) at C:\xampp\htdocs\Planning\src\Planning\DAO\EleveDAO.php line 34 {"exception":"[object] (Exception(code: 0): No eleve found for id search at C:\\xampp\\htdocs\\Planning\\src\\Planning\\DAO\\EleveDAO.php:34)"} []
[2015-01-16 14:47:06] Planning.CRITICAL: Exception: No eleve found for id search (uncaught exception) at C:\xampp\htdocs\Planning\src\Planning\DAO\EleveDAO.php line 34 {"exception":"[object] (Exception(code: 0): No eleve found for id search at C:\\xampp\\htdocs\\Planning\\src\\Planning\\DAO\\EleveDAO.php:34)"} []
[2015-01-16 14:48:07] Planning.ERROR: Symfony\Component\HttpKernel\Exception\NotFoundHttpException: No route found for "GET /favicon.ico" (uncaught exception) at C:\xampp\htdocs\Planning\vendor\symfony\http-kernel\Symfony\Component\HttpKernel\EventListener\RouterListener.php line 145 {"exception":"[object] (Symfony\\Component\\HttpKernel\\Exception\\NotFoundHttpException(code: 0): No route found for \"GET /favicon.ico\" at C:\\xampp\\htdocs\\Planning\\vendor\\symfony\\http-kernel\\Symfony\\Component\\HttpKernel\\EventListener\\RouterListener.php:145, Symfony\\Component\\Routing\\Exception\\ResourceNotFoundException(code: 0):  at C:\\xampp\\htdocs\\Planning\\vendor\\symfony\\routing\\Symfony\\Component\\Routing\\Matcher\\UrlMatcher.php:96)"} []
[2015-01-16 14:48:09] Planning.ERROR: Symfony\Component\HttpKernel\Exception\NotFoundHttpException: No route found for "GET /favicon.ico" (uncaught exception) at C:\xampp\htdocs\Planning\vendor\symfony\http-kernel\Symfony\Component\HttpKernel\EventListener\RouterListener.php line 145 {"exception":"[object] (Symfony\\Component\\HttpKernel\\Exception\\NotFoundHttpException(code: 0): No route found for \"GET /favicon.ico\" at C:\\xampp\\htdocs\\Planning\\vendor\\symfony\\http-kernel\\Symfony\\Component\\HttpKernel\\EventListener\\RouterListener.php:145, Symfony\\Component\\Routing\\Exception\\ResourceNotFoundException(code: 0):  at C:\\xampp\\htdocs\\Planning\\vendor\\symfony\\routing\\Symfony\\Component\\Routing\\Matcher\\UrlMatcher.php:96)"} []
[2015-01-16 14:48:48] Planning.CRITICAL: Exception: No professeur matching id search (uncaught exception) at C:\xampp\htdocs\Planning\src\Planning\DAO\ProfesseurDAO.php line 28 {"exception":"[object] (Exception(code: 0): No professeur matching id search at C:\\xampp\\htdocs\\Planning\\src\\Planning\\DAO\\ProfesseurDAO.php:28)"} []
[2015-01-16 15:06:50] Planning.ERROR: Symfony\Component\HttpKernel\Exception\NotFoundHttpException: No route found for "GET /favicon.ico" (uncaught exception) at C:\xampp\htdocs\Planning\vendor\symfony\http-kernel\Symfony\Component\HttpKernel\EventListener\RouterListener.php line 145 {"exception":"[object] (Symfony\\Component\\HttpKernel\\Exception\\NotFoundHttpException(code: 0): No route found for \"GET /favicon.ico\" at C:\\xampp\\htdocs\\Planning\\vendor\\symfony\\http-kernel\\Symfony\\Component\\HttpKernel\\EventListener\\RouterListener.php:145, Symfony\\Component\\Routing\\Exception\\ResourceNotFoundException(code: 0):  at C:\\xampp\\htdocs\\Planning\\vendor\\symfony\\routing\\Symfony\\Component\\Routing\\Matcher\\UrlMatcher.php:96)"} []
[2015-01-16 15:06:53] Planning.ERROR: Symfony\Component\HttpKernel\Exception\NotFoundHttpException: No route found for "GET /favicon.ico" (uncaught exception) at C:\xampp\htdocs\Planning\vendor\symfony\http-kernel\Symfony\Component\HttpKernel\EventListener\RouterListener.php line 145 {"exception":"[object] (Symfony\\Component\\HttpKernel\\Exception\\NotFoundHttpException(code: 0): No route found for \"GET /favicon.ico\" at C:\\xampp\\htdocs\\Planning\\vendor\\symfony\\http-kernel\\Symfony\\Component\\HttpKernel\\EventListener\\RouterListener.php:145, Symfony\\Component\\Routing\\Exception\\ResourceNotFoundException(code: 0):  at C:\\xampp\\htdocs\\Planning\\vendor\\symfony\\routing\\Symfony\\Component\\Routing\\Matcher\\UrlMatcher.php:96)"} []
[2015-01-16 15:07:44] Planning.CRITICAL: Symfony\Component\Debug\Exception\ContextErrorException: Notice: Undefined variable: professeurs (uncaught exception) at C:\xampp\htdocs\Planning\src\Planning\Controller\ProfesseurController.php line 108 {"exception":"[object] (Symfony\\Component\\Debug\\Exception\\ContextErrorException(code: 0): Notice: Undefined variable: professeurs at C:\\xampp\\htdocs\\Planning\\src\\Planning\\Controller\\ProfesseurController.php:108)"} []
[2015-01-16 15:09:51] Planning.CRITICAL: Symfony\Component\Debug\Exception\ContextErrorException: Notice: Undefined variable: professeurs (uncaught exception) at C:\xampp\htdocs\Planning\src\Planning\Controller\ProfesseurController.php line 109 {"exception":"[object] (Symfony\\Component\\Debug\\Exception\\ContextErrorException(code: 0): Notice: Undefined variable: professeurs at C:\\xampp\\htdocs\\Planning\\src\\Planning\\Controller\\ProfesseurController.php:109)"} []
[2015-01-16 15:12:02] Planning.CRITICAL: Symfony\Component\Debug\Exception\ContextErrorException: Notice: Undefined variable: professeurs (uncaught exception) at C:\xampp\htdocs\Planning\src\Planning\Controller\ProfesseurController.php line 109 {"exception":"[object] (Symfony\\Component\\Debug\\Exception\\ContextErrorException(code: 0): Notice: Undefined variable: professeurs at C:\\xampp\\htdocs\\Planning\\src\\Planning\\Controller\\ProfesseurController.php:109)"} []
[2015-01-16 15:33:15] Planning.CRITICAL: Symfony\Component\Debug\Exception\ContextErrorException: Notice: Undefined variable: eleves (uncaught exception) at C:\xampp\htdocs\Planning\src\Planning\Controller\EleveController.php line 133 {"exception":"[object] (Symfony\\Component\\Debug\\Exception\\ContextErrorException(code: 0): Notice: Undefined variable: eleves at C:\\xampp\\htdocs\\Planning\\src\\Planning\\Controller\\EleveController.php:133)"} []
[2015-01-16 15:39:49] Planning.ERROR: Symfony\Component\HttpKernel\Exception\NotFoundHttpException: No route found for "GET /_profiler" (uncaught exception) at C:\xampp\htdocs\Planning\vendor\symfony\http-kernel\Symfony\Component\HttpKernel\EventListener\RouterListener.php line 145 {"exception":"[object] (Symfony\\Component\\HttpKernel\\Exception\\NotFoundHttpException(code: 0): No route found for \"GET /_profiler\" at C:\\xampp\\htdocs\\Planning\\vendor\\symfony\\http-kernel\\Symfony\\Component\\HttpKernel\\EventListener\\RouterListener.php:145, Symfony\\Component\\Routing\\Exception\\ResourceNotFoundException(code: 0):  at C:\\xampp\\htdocs\\Planning\\vendor\\symfony\\routing\\Symfony\\Component\\Routing\\Matcher\\UrlMatcher.php:96)"} []
[2015-01-16 15:40:44] Planning.CRITICAL: Symfony\Component\Debug\Exception\ContextErrorException: Notice: Undefined variable: eleves (uncaught exception) at C:\xampp\htdocs\Planning\src\Planning\Controller\EleveController.php line 133 {"exception":"[object] (Symfony\\Component\\Debug\\Exception\\ContextErrorException(code: 0): Notice: Undefined variable: eleves at C:\\xampp\\htdocs\\Planning\\src\\Planning\\Controller\\EleveController.php:133)"} []
